Arguments: 
  /var/lib/snapd/snap/node/3792/bin/node /snap/node/3792/bin/yarn.js global dir --json

PATH: 
  /home/antimalware/.local/bin:/usr/local/sbin:/usr/local/bin:/usr/bin:/opt/cxoffice/bin:/usr/lib/jvm/default/bin:/usr/bin/site_perl:/usr/bin/vendor_perl:/usr/bin/core_perl:/var/lib/snapd/snap/bin:/home/antimalware/.yarn/bin

Yarn version: 
  1.22.5

Node version: 
  15.10.0

Platform: 
  linux x64

Trace: 
  Error: EACCES: permission denied, write
      at writeSync (node:fs:736:3)
      at SyncWriteStream._write (node:internal/fs/sync_write_stream:25:3)
      at writeOrBuffer (node:internal/streams/writable:395:12)
      at SyncWriteStream.Writable.write (node:internal/streams/writable:340:10)
      at JSONReporter._dump (/var/lib/snapd/snap/node/3792/lib/cli.js:49772:12)
      at JSONReporter.log (/var/lib/snapd/snap/node/3792/lib/cli.js:49800:10)
      at dir (/var/lib/snapd/snap/node/3792/lib/cli.js:36256:14)
      at Object.<anonymous> (/var/lib/snapd/snap/node/3792/lib/cli.js:25940:25)
      at Generator.next (<anonymous>)
      at step (/var/lib/snapd/snap/node/3792/lib/cli.js:310:30)

npm manifest: 
  {
  	"name": "midtrans-node-client",
  	"version": "0.0.2",
  	"description": "Unoffficial Midtrans Payment API Client for Node JS | Alternative for Midtrans Official Module",
  	"main": "./dist/index.js",
  	"files": [
  		"/dist/**"
  	],
  	"scripts": {
  		"clean": "rimraf dist",
  		"compiler": "npm run clean && tsc --pretty",
  		"build": "npm run compiler",
  		"test": "jest",
  		"test:watch": "jest --watchAll",
  		"test:coverage": "jest --coverage",
  		"test:coveralls": "jest --coverage && coveralls < coverage/lcov.info",
  		"lint": "eslint src/**/*.ts --fix",
  		"format": "prettier src/**/*.ts --write",
  		"lint:fix": "npm run format && npm run lint"
  	},
  	"author": {
  		"name": "Restu Wahyu Saputra",
  		"email": "restuwahyu13@gmail.com"
  	},
  	"repository": {
  		"url": "https://github.com/restuwahyu13/midtrans-node"
  	},
  	"homepage": "https://github.com/restuwahyu13/midtrans-node#readme",
  	"bugs": {
  		"url": "https://github.com/restuwahyu13/midtrans-node/issues"
  	},
  	"license": "MIT",
  	"engines": {
  		"node": ">=12",
  		"npm": ">=6"
  	},
  	"keywords": [
  		"midtrans-node-client",
  		"payment",
  		"payment gateway",
  		"midtrans",
  		"midtrans-client",
  		"npm package",
  		"nodejs",
  		"node_modules",
  		"javascript",
  		"typescript"
  	],
  	"dependencies": {
  		"axios": "^0.21.1",
  		"is-any-type": "0.0.3",
  		"lodash": "^4.17.21"
  	},
  	"devDependencies": {
  		"@types/axios": "^0.14.0",
  		"@types/jest": "^26.0.20",
  		"@types/lodash": "^4.14.168",
  		"@types/node": "^14.14.20",
  		"@typescript-eslint/eslint-plugin": "^4.12.0",
  		"@typescript-eslint/parser": "^4.12.0",
  		"coveralls": "^3.1.0",
  		"eslint": "^7.17.0",
  		"eslint-config-prettier": "^8.0.0",
  		"eslint-config-standard": "^16.0.2",
  		"eslint-plugin-import": "^2.22.1",
  		"eslint-plugin-jest": "^24.1.3",
  		"eslint-plugin-node": "^11.1.0",
  		"eslint-plugin-prettier": "^3.3.1",
  		"eslint-plugin-promise": "^4.2.1",
  		"husky": "^4.3.7",
  		"jest": "^26.6.3",
  		"prettier": "^2.2.1",
  		"rimraf": "^3.0.2",
  		"ts-jest": "^26.4.4",
  		"ts-node": "^9.1.1",
  		"typescript": "^4.1.3"
  	},
  	"husky": {
  		"hooks": {
  			"pre-commit": "npm run lint:fix"
  		}
  	}
  }

yarn manifest: 
  No manifest

Lockfile: 
  No lockfile
